<?xml version="1.0" encoding="UTF-8"?>
<!-- Generated by org.testng.reporters.JUnitReportReporter -->
<testsuite skipped="0" hostname="LAPTOP-D2FOFQO2" name="test.LoginTest" tests="1" failures="0" timestamp="2020-05-19T15:23:06 CDT" time="19.343" errors="0">
  <testcase name="validUserShouldBeAbleToLogin" time="19.343" classname="test.LoginTest"/>
  <system-out/>
</testsuite> <!-- test.LoginTest -->
