<?xml version="1.0" encoding="UTF-8"?>
<!-- Generated by org.testng.reporters.JUnitReportReporter -->
<testsuite skipped="0" hostname="LAPTOP-D2FOFQO2" name="test.AddContactTest" tests="1" failures="0" timestamp="2020-05-19T12:35:46 CDT" time="90.785" errors="0">
  <testcase name="validUserShouldBeAbleToLogin" time="90.785" classname="test.AddContactTest"/>
  <system-out/>
</testsuite> <!-- test.AddContactTest -->
