<?xml version="1.0" encoding="UTF-8"?>
<!-- Generated by org.testng.reporters.JUnitReportReporter -->
<testsuite skipped="0" hostname="LAPTOP-D2FOFQO2" name="test.LoginTest" tests="1" failures="0" timestamp="17 May 2020 23:42:51 GMT" time="8.358" errors="0">
  <testcase name="validUserShouldBeAbleToLogin" time="8.358" classname="test.LoginTest"/>
</testsuite> <!-- test.LoginTest -->
