<?xml version="1.0" encoding="UTF-8"?>
<!-- Generated by org.testng.reporters.JUnitReportReporter -->
<testsuite skipped="0" hostname="LAPTOP-D2FOFQO2" name="session5.CRMTest" tests="1" failures="0" timestamp="2020-05-07T10:29:42 CDT" time="1.970" errors="0">
  <testcase name="loginTest" time="1.970" classname="session5.CRMTest"/>
  <system-out/>
</testsuite> <!-- session5.CRMTest -->
