<?xml version="1.0" encoding="UTF-8"?>
<!-- Generated by org.testng.reporters.JUnitReportReporter -->
<testsuite skipped="0" hostname="LAPTOP-D2FOFQO2" name="test.test" tests="4" failures="0" timestamp="2020-05-14T01:55:07 CDT" time="62.660" errors="0">
  <testcase name="validUserShdBeAbleToLogin" time="9.880" classname="test.test"/>
  <system-out/>
  <testcase name="chkDashBoardPage" time="10.123" classname="test.test"/>
  <system-out/>
  <testcase name="createNewACPage" time="14.399" classname="test.test"/>
  <system-out/>
  <testcase name="createNewContactPage" time="28.258" classname="test.test"/>
  <system-out/>
</testsuite> <!-- test.test -->
