<?xml version="1.0" encoding="UTF-8"?>
<!-- Generated by org.testng.reporters.JUnitReportReporter -->
<testsuite skipped="0" hostname="LAPTOP-D2FOFQO2" name="HW.HW_4_5" tests="3" failures="0" timestamp="2020-05-08T17:37:16 CDT" time="126.935" errors="0">
  <testcase name="loginTest" time="9.424" classname="HW.HW_4_5"/>
  <system-out/>
  <testcase name="Add_Verify_Delete_Contact" time="76.586" classname="HW.HW_4_5"/>
  <system-out/>
  <testcase name="AddNew_VerifyAdd_Account" time="40.925" classname="HW.HW_4_5"/>
  <system-out/>
</testsuite> <!-- HW.HW_4_5 -->
