<?xml version="1.0" encoding="UTF-8"?>
<!-- Generated by org.testng.reporters.JUnitReportReporter -->
<testsuite skipped="0" hostname="LAPTOP-D2FOFQO2" name="test.test" tests="4" failures="0" timestamp="2020-05-12T14:42:14 CDT" time="75.964" errors="0">
  <testcase name="validUserShdBeAbleToLogin" time="12.237" classname="test.test"/>
  <system-out/>
  <testcase name="chkDashBoardPage" time="11.451" classname="test.test"/>
  <system-out/>
  <testcase name="createNewACPage" time="22.580" classname="test.test"/>
  <system-out/>
  <testcase name="createNewContactPage" time="29.696" classname="test.test"/>
  <system-out/>
</testsuite> <!-- test.test -->
